<?xml version="1.0" encoding="UTF-8"?>
<!-- Generated by org.testng.reporters.JUnitReportReporter -->
<testsuite hostname="C02HG7YYQ6L5" failures="0" tests="1" name="SeleniumLearning.SeleniumFrameworkDesign.ErrorValidation" time="3.060" errors="0" timestamp="2024-12-04T15:47:17 IST" skipped="0">
  <testcase classname="SeleniumLearning.SeleniumFrameworkDesign.ErrorValidation" name="E2Etest" time="3.060"/>
</testsuite> <!-- SeleniumLearning.SeleniumFrameworkDesign.ErrorValidation -->
