<?xml version="1.0" encoding="UTF-8"?>
<!-- Generated by org.testng.reporters.JUnitReportReporter -->
<testsuite hostname="C02HG7YYQ6L5" failures="0" tests="2" name="SeleniumLearning.SeleniumFrameworkDesign.E2Etest" time="13.938" errors="0" timestamp="2024-12-05T11:52:24 IST" skipped="0">
  <testcase classname="SeleniumLearning.SeleniumFrameworkDesign.E2Etest" name="E2Etest" time="6.706"/>
  <testcase classname="SeleniumLearning.SeleniumFrameworkDesign.E2Etest" name="E2Etest" time="7.232"/>
</testsuite> <!-- SeleniumLearning.SeleniumFrameworkDesign.E2Etest -->
